Copyright 1986-2020 Xilinx, Inc. All Rights Reserved.
---------------------------------------------------------------------------------------------------------------------
| Tool Version : Vivado v.2020.2 (win64) Build 3064766 Wed Nov 18 09:12:45 MST 2020
| Date         : Mon May 19 13:49:07 2025
| Host         : LAPTOP-RLL1QDD1 running 64-bit major release  (build 9200)
| Command      : report_drc -file stopwatch_drc_routed.rpt -pb stopwatch_drc_routed.pb -rpx stopwatch_drc_routed.rpx
| Design       : stopwatch
| Device       : xc7a35tcpg236-1
| Speed File   : -1
| Design State : Fully Routed
---------------------------------------------------------------------------------------------------------------------

Report DRC

Table of Contents
-----------------
1. REPORT SUMMARY
2. REPORT DETAILS

1. REPORT SUMMARY
-----------------
            Netlist: netlist
          Floorplan: design_1
      Design limits: <entire design considered>
           Ruledeck: default
             Max violations: <unlimited>
             Violations found: 2
+-------------+----------+-------------------------------------------------------------+------------+
| Rule        | Severity | Description                                                 | Violations |
+-------------+----------+-------------------------------------------------------------+------------+
| PDRC-153    | Warning  | Gated clock check                                           | 1          |
| PLHOLDVIO-2 | Warning  | Non-Optimal connections which could lead to hold violations | 1          |
+-------------+----------+-------------------------------------------------------------+------------+

2. REPORT DETAILS
-----------------
PDRC-153#1 Warning
Gated clock check  
Net U_Stopwatch_CU/FSM_onehot_c_state_reg[1]_0 is a gated clock net sourced by a combinational pin U_Stopwatch_CU/r_counter[19]_i_2/O, cell U_Stopwatch_CU/r_counter[19]_i_2. This is not good design practice and will likely impact performance. For SLICE registers, for example, use the CE pin to control the loading of data.
Related violations: <none>

PLHOLDVIO-2#1 Warning
Non-Optimal connections which could lead to hold violations  
A LUT U_Stopwatch_CU/r_counter[19]_i_2 is driving clock pin of 21 cells. This could lead to large hold time violations. Involved cells are:
U_Stopwatch_DP/U_Tick_100hz/o_tick_100_reg,
U_Stopwatch_DP/U_Tick_100hz/r_counter_reg[0],
U_Stopwatch_DP/U_Tick_100hz/r_counter_reg[10],
U_Stopwatch_DP/U_Tick_100hz/r_counter_reg[11],
U_Stopwatch_DP/U_Tick_100hz/r_counter_reg[12],
U_Stopwatch_DP/U_Tick_100hz/r_counter_reg[13],
U_Stopwatch_DP/U_Tick_100hz/r_counter_reg[14],
U_Stopwatch_DP/U_Tick_100hz/r_counter_reg[15],
U_Stopwatch_DP/U_Tick_100hz/r_counter_reg[16],
U_Stopwatch_DP/U_Tick_100hz/r_counter_reg[17],
U_Stopwatch_DP/U_Tick_100hz/r_counter_reg[18],
U_Stopwatch_DP/U_Tick_100hz/r_counter_reg[19],
U_Stopwatch_DP/U_Tick_100hz/r_counter_reg[1],
U_Stopwatch_DP/U_Tick_100hz/r_counter_reg[2],
U_Stopwatch_DP/U_Tick_100hz/r_counter_reg[3] (the first 15 of 21 listed)
Related violations: <none>


